make all --print-data-base --no-builtin-variables --no-builtin-rules --question
# GNU Make 3.81
# Copyright (C) 2006  Free Software Foundation, Inc.
# This is free software; see the source for copying conditions.
# There is NO warranty; not even for MERCHANTABILITY or FITNESS FOR A
# PARTICULAR PURPOSE.

# This program built for i386-apple-darwin11.3.0
 

# Make data base, printed on Mon Jun 28 21:23:44 2021

# Variables

# automatic
<D = $(patsubst %/,%,$(dir $<))
 
# automatic
?F = $(notdir $?)
# environment
GOENV_ROOT = /Users/sudourio/.goenv
# environment
VSCODE_LOG_NATIVE = false
# automatic
?D = $(patsubst %/,%,$(dir $?))
# automatic
@D = $(patsubst %/,%,$(dir $@))
# automatic
@F = $(notdir $@)
# makefile
CURDIR := /Users/sudourio/Desktop/42tokyo/rank02/push_swap
# makefile
SHELL = /bin/sh
# environment
VSCODE_NLS_CONFIG = {"locale":"ja","availableLanguages":{"*":"ja"},"_languagePackId":"1d81595937cb483bd42c97125ddd05b1.ja","_translationsConfigFile":"/Users/sudourio/Library/Application Support/Code/clp/1d81595937cb483bd42c97125ddd05b1.ja/tcf.json","_cacheRoot":"/Users/sudourio/Library/Application Support/Code/clp/1d81595937cb483bd42c97125ddd05b1.ja","_resolvedLanguagePackCoreLocation":"/Users/sudourio/Library/Application Support/Code/clp/1d81595937cb483bd42c97125ddd05b1.ja/507ce72a4466fbb27b715c3722558bb15afa9f48","_corruptedFile":"/Users/sudourio/Library/Application Support/Code/clp/1d81595937cb483bd42c97125ddd05b1.ja/corrupted.info","_languagePackSupport":true}
# environment
_ = /usr/bin/make
# makefile (from `Makefile', line 5)
CFLAGS = -Wall -Wextra -Werror
# makefile (from `Makefile', line 1)
MAKEFILE_LIST :=  Makefile
# environment
VSCODE_NODE_CACHED_DATA_DIR = /Users/sudourio/Library/Application Support/Code/CachedData/507ce72a4466fbb27b715c3722558bb15afa9f48
# environment
GOENV_SHELL = zsh
# environment
VSCODE_VERBOSE_LOGGING = true
# environment
__CFBundleIdentifier = com.microsoft.VSCode
# environment
VSCODE_IPC_HOOK_EXTHOST = /var/folders/c5/7p_zqys10n1_t96lqh2dj_1w0000gn/T/vscode-ipc-011ac579-50fa-4fd0-ad06-0ad099511cfa.sock
# environment
VSCODE_CWD = /
# environment
PATH = /usr/local/opt/llvm/bin:/usr/local/bin:/usr/bin:/bin:/usr/sbin:/sbin:/usr/local/share/dotnet:~/.dotnet/tools:/Library/Apple/usr/bin:/Library/Frameworks/Mono.framework/Versions/Current/Commands:/Users/sudourio/.goenv/versions/1.16.3/bin//Users/sudourio/.goenv/shims:/Users/sudourio/.goenv/bin:/Users/sudourio/go/1.16.3/bin
# environment
LSCOLORS = cxfxcxdxbxegedabagacad
# environment
GOPATH = /Users/sudourio/go/1.16.3
# environment
VSCODE_LOG_STACK = false
# environment
ELECTRON_RUN_AS_NODE = 1
# default
.FEATURES := target-specific order-only second-expansion else-if archives jobserver check-symlink
# environment
SSH_AUTH_SOCK = /private/tmp/com.apple.launchd.g1Ko3zSRuY/Listeners
# automatic
%F = $(notdir $%)
# environment
VSCODE_PIPE_LOGGING = true
# makefile (from `Makefile', line 21)
OBJS = ${SRCS:.c=.o}
# environment
PWD = /Users/sudourio/Desktop/42tokyo/rank02/push_swap
# environment
ORIGINAL_XDG_CURRENT_DESKTOP = undefined
# environment
VSCODE_AMD_ENTRYPOINT = vs/workbench/services/extensions/node/extensionHostProcess
# environment
HOME = /Users/sudourio
# default
MAKEFILEPATH := /Applications/Xcode.app/Contents/Developer/Makefiles
# environment
LOGNAME = sudourio
# environment
APPLICATION_INSIGHTS_NO_DIAGNOSTIC_CHANNEL = true
# environment
VSCODE_HANDLES_UNCAUGHT_ERRORS = true
# automatic
^D = $(patsubst %/,%,$(dir $^))
# environment
XPC_FLAGS = 0x0
# default
MAKE = $(MAKE_COMMAND)
# default
MAKECMDGOALS := all
# makefile (from `Makefile', line 7)
SRCS = main.c ft_atoi.c init_stack.c sort_utils.c split_stack.c push_data.c quick_sort.c sort_three_five.c sortb_ascending.c command.c cmd_list.c optimize_cmdlist.c debug.c
# environment
SHLVL = 1
# makefile (from `Makefile', line 3)
CC = gcc
# default
MAKE_VERSION := 3.81
# environment
USER = sudourio
# makefile
.DEFAULT_GOAL := push_swap
# environment
GOROOT = /Users/sudourio/.goenv/versions/1.16.3
# makefile (from `Makefile', line 1)
NAME = push_swap
# automatic
%D = $(patsubst %/,%,$(dir $%))
# default
MAKE_COMMAND := /Applications/Xcode.app/Contents/Developer/usr/bin/make
# default
.VARIABLES := 
# environment
TMPDIR = /var/folders/c5/7p_zqys10n1_t96lqh2dj_1w0000gn/T/
# automatic
*F = $(notdir $*)
# environment
VSCODE_IPC_HOOK = /Users/sudourio/Library/Application Support/Code/1.57.1-main.sock
# makefile
MAKEFLAGS = Rrqp
# environment
MFLAGS = -Rrqp
# automatic
*D = $(patsubst %/,%,$(dir $*))
# environment
XPC_SERVICE_NAME = application.com.microsoft.VSCode.4315190826.4315190834
# automatic
+D = $(patsubst %/,%,$(dir $+))
# automatic
+F = $(notdir $+)
# environment
__CF_USER_TEXT_ENCODING = 0x1F5:0x1:0xE
# environment
COMMAND_MODE = unix2003
# default
MAKEFILES := 
# automatic
<F = $(notdir $<)
# environment
LC_ALL = C
# makefile (from `Makefile', line 23)
HEADER = push_swap.h
# automatic
^F = $(notdir $^)
# default
SUFFIXES := 
# default
.INCLUDE_DIRS = /usr/local/include
# environment
MAKELEVEL := 0
# environment
LANG = C
# environment
VSCODE_PID = 8696
# variable set hash-table stats:
# Load=73/1024=7%, Rehash=0, Collisions=5/101=5%

# Pattern-specific Variable Values

# No pattern-specific variable values.

# Directories

# . (device 16777221, inode 4313178876): 39 files, no impossibilities.

# 39 files, no impossibilities in 1 directories.

# Implicit Rules

%.o: %.c
#  commands to execute (from `Makefile', line 26):
	${CC} ${CFLAGS} -c $< -o $@
	

# 1 implicit rules, 0 (0.0%) terminal.

# Files

command.o: command.c
#  Implicit rule search has been done.
#  Implicit/static pattern stem: `command'
#  Last modified 2021-06-28 19:06:56
#  File has been updated.
#  Successfully updated.
# variable set hash-table stats:
# Load=0/32=0%, Rehash=0, Collisions=0/0=0%
#  commands to execute (from `Makefile', line 26):
	${CC} ${CFLAGS} -c $< -o $@
	

# Not a target:
push_data.c:
#  Implicit rule search has been done.
#  Last modified 2021-06-26 11:44:31
#  File has been updated.
#  Successfully updated.
# variable set hash-table stats:
# Load=0/32=0%, Rehash=0, Collisions=0/0=0%

all: push_swap
#  Phony target (prerequisite of .PHONY).
#  Command-line target.
#  Implicit rule search has not been done.
#  File does not exist.
#  File has been updated.
#  Successfully updated.
# variable set hash-table stats:
# Load=0/32=0%, Rehash=0, Collisions=0/0=0%

sort_three_five.o: sort_three_five.c
#  Implicit rule search has been done.
#  Implicit/static pattern stem: `sort_three_five'
#  Last modified 2021-06-27 21:56:26
#  File has been updated.
#  Successfully updated.
# variable set hash-table stats:
# Load=0/32=0%, Rehash=0, Collisions=0/0=0%
#  commands to execute (from `Makefile', line 26):
 
	${CC} ${CFLAGS} -c $< -o $@
	

.PHONY: all clean fclean re
#  Implicit rule search has not been done.
#  Modification time never checked.
#  File has not been updated.

# Not a target:
main.c:
#  Implicit rule search has been done.
#  Last modified 2021-06-28 18:08:06
#  File has been updated.
#  Successfully updated.
# variable set hash-table stats:
# Load=0/32=0%, Rehash=0, Collisions=0/0=0%

sortb_ascending.o: sortb_ascending.c
#  Implicit rule search has been done.
#  Implicit/static pattern stem: `sortb_ascending'
#  Last modified 2021-06-27 21:56:26
#  File has been updated.
#  Successfully updated.
# variable set hash-table stats:
# Load=0/32=0%, Rehash=0, Collisions=0/0=0%
#  commands to execute (from `Makefile', line 26):
	${CC} ${CFLAGS} -c $< -o $@
	

# Not a target:
ft_atoi.c:
#  Implicit rule search has been done.
#  Last modified 2021-06-22 16:21:11
#  File has been updated.
#  Successfully updated.
# variable set hash-table stats:
# Load=0/32=0%, Rehash=0, Collisions=0/0=0%

# Not a target:
.SUFFIXES:
#  Implicit rule search has not been done.
#  Modification time never checked.
#  File has not been updated.

# Not a target:
quick_sort.c:
#  Implicit rule search has been done.
#  Last modified 2021-06-28 19:06:53
#  File has been updated.
#  Successfully updated.
# variable set hash-table stats:
# Load=0/32=0%, Rehash=0, Collisions=0/0=0%

init_stack.o: init_stack.c
#  Implicit rule search has been done.
#  Implicit/static pattern stem: `init_stack'
#  Last modified 2021-06-27 21:56:25
#  File has been updated.
#  Successfully updated.
# variable set hash-table stats:
# Load=0/32=0%, Rehash=0, Collisions=0/0=0%
#  commands to execute (from `Makefile', line 26):
	${CC} ${CFLAGS} -c $< -o $@
	

# Not a target:
Makefile:
#  Implicit rule search has been done.
#  Last modified 2021-06-27 17:39:55
#  File has been updated.
#  Successfully updated.
# variable set hash-table stats:
# Load=0/32=0%, Rehash=0, Collisions=0/0=0%

# Not a target:
sort_utils.c:
#  Implicit rule search has been done.
#  Last modified 2021-06-26 09:48:04
#  File has been updated.
#  Successfully updated.
# variable set hash-table stats:
# Load=0/32=0%, Rehash=0, Collisions=0/0=0%

debug.o: debug.c
#  Implicit rule search has been done.
#  Implicit/static pattern stem: `debug'
#  Last modified 2021-06-27 21:56:27
#  File has been updated.
#  Successfully updated.
# variable set hash-table stats:
# Load=0/32=0%, Rehash=0, Collisions=0/0=0%
#  commands to execute (from `Makefile', line 26):
	${CC} ${CFLAGS} -c $< -o $@
	

optimize_cmdlist.o: optimize_cmdlist.c
#  Implicit rule search has been done.
#  Implicit/static pattern stem: `optimize_cmdlist'
#  Last modified 2021-06-28 19:01:46
#  File has been updated.
#  Successfully updated.
# variable set hash-table stats:
# Load=0/32=0%, Rehash=0, Collisions=0/0=0%
#  commands to execute (from `Makefile', line 26):
	${CC} ${CFLAGS} -c $< -o $@
	

split_stack.o: split_stack.c
#  Implicit rule search has been done.
#  Implicit/static pattern stem: `split_stack'
#  Last modified 2021-06-28 17:58:28
#  File has been updated.
#  Successfully updated.
# variable set hash-table stats:
# Load=0/32=0%, Rehash=0, Collisions=0/0=0%
#  commands to execute (from `Makefile', line 26):
	${CC} ${CFLAGS} -c $< -o $@
	

# Not a target:
command.c:
#  Implicit rule search has been done.
#  Last modified 2021-06-28 19:06:21
#  File has been updated.
#  Successfully updated.
# variable set hash-table stats:
# Load=0/32=0%, Rehash=0, Collisions=0/0=0%

cmd_list.o: cmd_list.c
#  Implicit rule search has been done.
#  Implicit/static pattern stem: `cmd_list'
#  Last modified 2021-06-27 21:56:26
#  File has been updated.
#  Successfully updated.
# variable set hash-table stats:
# Load=0/32=0%, Rehash=0, Collisions=0/0=0%
#  commands to execute (from `Makefile', line 26):
	${CC} ${CFLAGS} -c $< -o $@
	

# Not a target:
sort_three_five.c:
#  Implicit rule search has been done.
#  Last modified 2021-06-27 20:04:53
#  File has been updated.
#  Successfully updated.
# variable set hash-table stats:
# Load=0/32=0%, Rehash=0, Collisions=0/0=0%

fclean: clean
#  Phony target (prerequisite of .PHONY).
#  Implicit rule search has not been done.
#  File does not exist.
#  File has not been updated.
#  commands to execute (from `Makefile', line 37):
	rm -rf ${NAME}
	

# Not a target:
sortb_ascending.c:
#  Implicit rule search has been done.
#  Last modified 2021-06-27 20:22:19
#  File has been updated.
#  Successfully updated.
# variable set hash-table stats:
# Load=0/32=0%, Rehash=0, Collisions=0/0=0%

# Not a target:
.DEFAULT:
#  Implicit rule search has not been done.
#  Modification time never checked.
#  File has not been updated.

# Not a target:
init_stack.c:
#  Implicit rule search has been done.
#  Last modified 2021-06-26 14:32:58
#  File has been updated.
#  Successfully updated.
# variable set hash-table stats:
# Load=0/32=0%, Rehash=0, Collisions=0/0=0%

re: fclean all
#  Phony target (prerequisite of .PHONY).
#  Implicit rule search has not been done.
#  File does not exist.
#  File has not been updated.

# Not a target:
debug.c:
#  Implicit rule search has been done.
#  Last modified 2021-06-27 19:35:53
#  File has been updated.
#  Successfully updated.
# variable set hash-table stats:
# Load=0/32=0%, Rehash=0, Collisions=0/0=0%

clean:
#  Phony target (prerequisite of .PHONY).
#  Implicit rule search has not been done.
#  File does not exist.
#  File has not been updated.
#  commands to execute (from `Makefile', line 34):
	rm -rf ${OBJS}
	

# Not a target:
optimize_cmdlist.c:
#  Implicit rule search has been done.
#  Last modified 2021-06-28 19:01:34
#  File has been updated.
#  Successfully updated.
# variable set hash-table stats:
# Load=0/32=0%, Rehash=0, Collisions=0/0=0%

push_data.o: push_data.c
#  Implicit rule search has been done.
#  Implicit/static pattern stem: `push_data'
#  Last modified 2021-06-27 21:56:26
#  File has been updated.
#  Successfully updated.
# variable set hash-table stats:
# Load=0/32=0%, Rehash=0, Collisions=0/0=0%
#  commands to execute (from `Makefile', line 26):
	${CC} ${CFLAGS} -c $< -o $@
 
	

push_swap: main.o ft_atoi.o init_stack.o sort_utils.o split_stack.o push_data.o quick_sort.o sort_three_five.o sortb_ascending.o command.o cmd_list.o optimize_cmdlist.o debug.o
#  Implicit rule search has not been done.
#  Last modified 2021-06-28 19:06:56
#  File has been updated.
#  Successfully updated.
# variable set hash-table stats:
# Load=0/32=0%, Rehash=0, Collisions=0/0=0%
#  commands to execute (from `Makefile', line 29):
	${CC} ${CFLAGS} ${OBJS} -o ${NAME}
	

# Not a target:
split_stack.c:
#  Implicit rule search has been done.
#  Last modified 2021-06-28 17:58:24
#  File has been updated.
#  Successfully updated.
# variable set hash-table stats:
# Load=0/32=0%, Rehash=0, Collisions=0/0=0%

# Not a target:
cmd_list.c:
#  Implicit rule search has been done.
#  Last modified 2021-06-27 10:44:17
#  File has been updated.
#  Successfully updated.
# variable set hash-table stats:
# Load=0/32=0%, Rehash=0, Collisions=0/0=0%

main.o: main.c
#  Implicit rule search has been done.
#  Implicit/static pattern stem: `main'
#  Last modified 2021-06-28 18:08:51
#  File has been updated.
#  Successfully updated.
# variable set hash-table stats:
# Load=0/32=0%, Rehash=0, Collisions=0/0=0%
#  commands to execute (from `Makefile', line 26):
	${CC} ${CFLAGS} -c $< -o $@
	

ft_atoi.o: ft_atoi.c
#  Implicit rule search has been done.
#  Implicit/static pattern stem: `ft_atoi'
#  Last modified 2021-06-27 21:56:25
#  File has been updated.
#  Successfully updated.
# variable set hash-table stats:
# Load=0/32=0%, Rehash=0, Collisions=0/0=0%
#  commands to execute (from `Makefile', line 26):
	${CC} ${CFLAGS} -c $< -o $@
	

quick_sort.o: quick_sort.c
#  Implicit rule search has been done.
#  Implicit/static pattern stem: `quick_sort'
#  Last modified 2021-06-28 19:06:56
#  File has been updated.
#  Successfully updated.
# variable set hash-table stats:
# Load=0/32=0%, Rehash=0, Collisions=0/0=0%
#  commands to execute (from `Makefile', line 26):
	${CC} ${CFLAGS} -c $< -o $@
	

sort_utils.o: sort_utils.c
#  Implicit rule search has been done.
#  Implicit/static pattern stem: `sort_utils'
#  Last modified 2021-06-27 21:56:25
#  File has been updated.
#  Successfully updated.
# variable set hash-table stats:
# Load=0/32=0%, Rehash=0, Collisions=0/0=0%
#  commands to execute (from `Makefile', line 26):
	${CC} ${CFLAGS} -c $< -o $@
	

# files hash-table stats:
# Load=35/1024=3%, Rehash=0, Collisions=0/108=0%
# VPATH Search Paths

# No `vpath' search paths.

# No general (`VPATH' variable) search path.

# # of strings in strcache: 1
# # of strcache buffers: 1
# strcache size: total = 4096 / max = 4096 / min = 4096 / avg = 4096
# strcache free: total = 4087 / max = 4087 / min = 4087 / avg = 4087

# Finished Make data base on Mon Jun 28 21:23:44 2021

 
